<?xml version="1.0" encoding="UTF-8"?>
<!-- Generated by org.testng.reporters.JUnitXMLReporter -->
<testsuite ignored="3" hostname="LAPTOP-CTV4CP29" failures="1" tests="1" name="Default test(failed)" time="1.167" errors="0" timestamp="2023-01-31T11:41:41 IST">
  <testcase classname="TestNGKeywords.Timeout" name="B" time="1.042">
    <failure type="org.testng.internal.thread.ThreadTimeoutException" message="Method TestNGKeywords.Timeout.B() didn&amp;apos;t finish within the time-out 1000">
      <![CDATA[org.testng.internal.thread.ThreadTimeoutException: Method TestNGKeywords.Timeout.B() didn't finish within the time-out 1000
at java.base/java.util.ArrayList.forEach(ArrayList.java:1511)
... Removed 24 stack frames]]>
    </failure>
  </testcase> <!-- B -->
  <testcase classname="TestNGKeywords.Timeout" name="A" time="0.0">
    <ignored/>
  </testcase> <!-- A -->
  <testcase classname="TestNGKeywords.Timeout" name="C" time="0.0">
    <ignored/>
  </testcase> <!-- C -->
  <testcase classname="TestNGKeywords.Timeout" name="D" time="0.0">
    <ignored/>
  </testcase> <!-- D -->
</testsuite> <!-- Default test(failed) -->
