<?xml version="1.0" encoding="UTF-8"?>
<!-- Generated by org.testng.reporters.JUnitXMLReporter -->
<testsuite ignored="2" hostname="LAPTOP-CTV4CP29" failures="0" tests="3" name="Ajay1" time="0.168" errors="0" timestamp="2023-01-31T11:13:38 IST">
  <testcase classname="TestNGXML.Testing1" name="A" time="0.024"/>
  <testcase classname="TestNGXML.Testing1" name="D" time="0.003"/>
  <testcase classname="TestNGXML.Testing1" name="E" time="0.003"/>
  <testcase classname="TestNGXML.Testing1" name="C" time="0.0">
    <ignored/>
  </testcase> <!-- C -->
  <testcase classname="TestNGXML.Testing1" name="B" time="0.0">
    <ignored/>
  </testcase> <!-- B -->
</testsuite> <!-- Ajay1 -->
